<?xml version="1.0" encoding="UTF-8"?>
<!-- Generated by org.testng.reporters.JUnitXMLReporter -->
<testsuite hostname="MITHUN-PC" ignored="0" name="Default test" tests="2" failures="0" timestamp="22 Jul 2019 09:06:56 GMT" time="44.525" errors="0">
  <testcase name="contactsLabelTest" time="0.101" classname="com.crm.qa.testcases.ContactsPageTest"/>
  <testcase name="validateCreateNewContact" time="0.0" classname="com.crm.qa.testcases.ContactsPageTest">
    <skipped/>
  </testcase> <!-- validateCreateNewContact -->
</testsuite> <!-- Default test -->
