<?xml version="1.0" encoding="UTF-8"?>
<!-- Generated by org.testng.reporters.JUnitXMLReporter -->
<testsuite hostname="MITHUN-PC" ignored="0" name="Default test" tests="4" failures="0" timestamp="23 Jul 2019 08:11:07 GMT" time="110.111" errors="0">
  <testcase name="validateCreateNewContact" time="3.982" classname="com.crm.qa.testcases.ContactsPageTest"/>
  <testcase name="validateCreateNewContact" time="3.683" classname="com.crm.qa.testcases.ContactsPageTest"/>
  <testcase name="validateCreateNewContact" time="3.736" classname="com.crm.qa.testcases.ContactsPageTest"/>
  <testcase name="validateCreateNewContact" time="3.702" classname="com.crm.qa.testcases.ContactsPageTest"/>
</testsuite> <!-- Default test -->
