<?xml version="1.0" encoding="UTF-8"?>
<testng-results skipped="0" failed="0" ignored="0" total="4" passed="4">
  <reporter-output>
  </reporter-output>
  <suite name="Default suite" duration-ms="110111" started-at="2019-07-23T08:09:17Z" finished-at="2019-07-23T08:11:07Z">
    <groups>
    </groups>
    <test name="Default test" duration-ms="110111" started-at="2019-07-23T08:09:17Z" finished-at="2019-07-23T08:11:07Z">
      <class name="com.crm.qa.testcases.ContactsPageTest">
        <test-method status="PASS" signature="setUp()[pri:0, instance:com.crm.qa.testcases.ContactsPageTest@39c0f4a]" name="setUp" is-config="true" duration-ms="22030" started-at="2019-07-23T08:09:17Z" finished-at="2019-07-23T08:09:39Z">
          <reporter-output>
          </reporter-output>
        </test-method> <!-- setUp -->
        <test-method status="PASS" signature="validateCreateNewContact(java.lang.String, java.lang.String, java.lang.String, java.lang.String, java.lang.String)[pri:0, instance:com.crm.qa.testcases.ContactsPageTest@39c0f4a]" name="validateCreateNewContact" duration-ms="3982" started-at="2019-07-23T08:09:39Z" data-provider="getCRMTestData" finished-at="2019-07-23T08:09:43Z">
          <params>
            <param index="0">
              <value>
                <![CDATA[Arpitha]]>
              </value>
            </param>
            <param index="1">
              <value>
                <![CDATA[Murty]]>
              </value>
            </param>
            <param index="2">
              <value>
                <![CDATA[arpitha@gmail.com]]>
              </value>
            </param>
            <param index="3">
              <value>
                <![CDATA[Rajajinagar]]>
              </value>
            </param>
            <param index="4">
              <value>
                <![CDATA[BCOM]]>
              </value>
            </param>
          </params>
          <reporter-output>
          </reporter-output>
        </test-method> <!-- validateCreateNewContact -->
        <test-method status="PASS" signature="tearDown()[pri:0, instance:com.crm.qa.testcases.ContactsPageTest@39c0f4a]" name="tearDown" is-config="true" duration-ms="691" started-at="2019-07-23T08:09:43Z" finished-at="2019-07-23T08:09:44Z">
          <reporter-output>
          </reporter-output>
        </test-method> <!-- tearDown -->
        <test-method status="PASS" signature="setUp()[pri:0, instance:com.crm.qa.testcases.ContactsPageTest@39c0f4a]" name="setUp" is-config="true" duration-ms="26845" started-at="2019-07-23T08:09:44Z" finished-at="2019-07-23T08:10:11Z">
          <reporter-output>
          </reporter-output>
        </test-method> <!-- setUp -->
        <test-method status="PASS" signature="validateCreateNewContact(java.lang.String, java.lang.String, java.lang.String, java.lang.String, java.lang.String)[pri:0, instance:com.crm.qa.testcases.ContactsPageTest@39c0f4a]" name="validateCreateNewContact" duration-ms="3683" started-at="2019-07-23T08:10:11Z" data-provider="getCRMTestData" finished-at="2019-07-23T08:10:15Z">
          <params>
            <param index="0">
              <value>
                <![CDATA[Alok]]>
              </value>
            </param>
            <param index="1">
              <value>
                <![CDATA[Ranjan]]>
              </value>
            </param>
            <param index="2">
              <value>
                <![CDATA[aranjan@gmail.com]]>
              </value>
            </param>
            <param index="3">
              <value>
                <![CDATA[Ratanganj]]>
              </value>
            </param>
            <param index="4">
              <value>
                <![CDATA[Science]]>
              </value>
            </param>
          </params>
          <reporter-output>
          </reporter-output>
        </test-method> <!-- validateCreateNewContact -->
        <test-method status="PASS" signature="tearDown()[pri:0, instance:com.crm.qa.testcases.ContactsPageTest@39c0f4a]" name="tearDown" is-config="true" duration-ms="655" started-at="2019-07-23T08:10:15Z" finished-at="2019-07-23T08:10:15Z">
          <reporter-output>
          </reporter-output>
        </test-method> <!-- tearDown -->
        <test-method status="PASS" signature="setUp()[pri:0, instance:com.crm.qa.testcases.ContactsPageTest@39c0f4a]" name="setUp" is-config="true" duration-ms="21618" started-at="2019-07-23T08:10:15Z" finished-at="2019-07-23T08:10:37Z">
          <reporter-output>
          </reporter-output>
        </test-method> <!-- setUp -->
        <test-method status="PASS" signature="validateCreateNewContact(java.lang.String, java.lang.String, java.lang.String, java.lang.String, java.lang.String)[pri:0, instance:com.crm.qa.testcases.ContactsPageTest@39c0f4a]" name="validateCreateNewContact" duration-ms="3736" started-at="2019-07-23T08:10:37Z" data-provider="getCRMTestData" finished-at="2019-07-23T08:10:41Z">
          <params>
            <param index="0">
              <value>
                <![CDATA[Nisha]]>
              </value>
            </param>
            <param index="1">
              <value>
                <![CDATA[Bharti]]>
              </value>
            </param>
            <param index="2">
              <value>
                <![CDATA[nbhatri@gmail.com]]>
              </value>
            </param>
            <param index="3">
              <value>
                <![CDATA[Satghara]]>
              </value>
            </param>
            <param index="4">
              <value>
                <![CDATA[Biology]]>
              </value>
            </param>
          </params>
          <reporter-output>
          </reporter-output>
        </test-method> <!-- validateCreateNewContact -->
        <test-method status="PASS" signature="tearDown()[pri:0, instance:com.crm.qa.testcases.ContactsPageTest@39c0f4a]" name="tearDown" is-config="true" duration-ms="698" started-at="2019-07-23T08:10:41Z" finished-at="2019-07-23T08:10:41Z">
          <reporter-output>
          </reporter-output>
        </test-method> <!-- tearDown -->
        <test-method status="PASS" signature="setUp()[pri:0, instance:com.crm.qa.testcases.ContactsPageTest@39c0f4a]" name="setUp" is-config="true" duration-ms="21050" started-at="2019-07-23T08:10:41Z" finished-at="2019-07-23T08:11:02Z">
          <reporter-output>
          </reporter-output>
        </test-method> <!-- setUp -->
        <test-method status="PASS" signature="validateCreateNewContact(java.lang.String, java.lang.String, java.lang.String, java.lang.String, java.lang.String)[pri:0, instance:com.crm.qa.testcases.ContactsPageTest@39c0f4a]" name="validateCreateNewContact" duration-ms="3702" started-at="2019-07-23T08:11:02Z" data-provider="getCRMTestData" finished-at="2019-07-23T08:11:06Z">
          <params>
            <param index="0">
              <value>
                <![CDATA[Sanket]]>
              </value>
            </param>
            <param index="1">
              <value>
                <![CDATA[Anand]]>
              </value>
            </param>
            <param index="2">
              <value>
                <![CDATA[sanand@gmail.com]]>
              </value>
            </param>
            <param index="3">
              <value>
                <![CDATA[Bhagalpur]]>
              </value>
            </param>
            <param index="4">
              <value>
                <![CDATA[Commerce]]>
              </value>
            </param>
          </params>
          <reporter-output>
          </reporter-output>
        </test-method> <!-- validateCreateNewContact -->
        <test-method status="PASS" signature="tearDown()[pri:0, instance:com.crm.qa.testcases.ContactsPageTest@39c0f4a]" name="tearDown" is-config="true" duration-ms="688" started-at="2019-07-23T08:11:06Z" finished-at="2019-07-23T08:11:07Z">
          <reporter-output>
          </reporter-output>
        </test-method> <!-- tearDown -->
      </class> <!-- com.crm.qa.testcases.ContactsPageTest -->
    </test> <!-- Default test -->
  </suite> <!-- Default suite -->
</testng-results>
