<?xml version="1.0" encoding="UTF-8"?>
<!-- Generated by org.testng.reporters.JUnitXMLReporter -->
<testsuite hostname="MITHUN-PC" ignored="0" name="Free CRM App Test Cases" tests="4" failures="0" timestamp="21 May 2019 07:24:56 GMT" time="107.067" errors="0">
  <testcase name="CRMmainPageTitleTest" time="0.207" classname="com.crm.qa.testcases.CRMmainPageTest"/>
  <testcase name="loginPageTitleTest" time="0.024" classname="com.crm.qa.testcases.LoginPageTest"/>
  <testcase name="homePageTitleTest" time="0.012" classname="com.crm.qa.testcases.HomePageTest"/>
  <testcase name="contactsLabelTest" time="0.135" classname="com.crm.qa.testcases.ContactsPageTest"/>
</testsuite> <!-- Free CRM App Test Cases -->
